2021-10-18 20:25:55,836 -- urllib3.connectionpool -- DEBUG -- Starting new HTTPS connection (1): sandbox-eu.triskellsoftware.com
2021-10-18 20:25:56,524 -- urllib3.connectionpool -- DEBUG -- https://sandbox-eu.triskellsoftware.com:443 "GET /triskell/service/rest/login/user/admin@caas_import5.fr/passwd/abe44d75d0a36d2b2ad5d8b30eba48afae7e41c848a84ea2b5f2ceea6be935ca HTTP/1.1" 200 0
2021-10-18 20:25:56,525 -- root -- INFO -- Retreiving report number 121
2021-10-18 20:25:56,527 -- urllib3.connectionpool -- DEBUG -- Starting new HTTPS connection (1): sandbox-eu.triskellsoftware.com
2021-10-18 20:26:02,840 -- root -- CRITICAL -- Stack trace : ['File : /mnt/c/Users/bilel/OneDrive - Triskell Software/Triskell_dev/CAAS/TkActions.py , Line : 56, Func.Name : get_report, Message : domain+"/triskell/service/rest/proxy/operation/execute/ReportService/GetReportDataToPanel/"+body, headers=stateless_header)', "File : /usr/lib/python3/dist-packages/requests/api.py , Line : 72, Func.Name : get, Message : return request('get', url, params=params, **kwargs)", 'File : /usr/lib/python3/dist-packages/requests/api.py , Line : 58, Func.Name : request, Message : return session.request(method=method, url=url, **kwargs)', 'File : /usr/lib/python3/dist-packages/requests/sessions.py , Line : 520, Func.Name : request, Message : resp = self.send(prep, **send_kwargs)', 'File : /usr/lib/python3/dist-packages/requests/sessions.py , Line : 630, Func.Name : send, Message : r = adapter.send(request, **kwargs)', 'File : /usr/lib/python3/dist-packages/requests/adapters.py , Line : 440, Func.Name : send, Message : timeout=timeout', 'File : /usr/lib/python3/dist-packages/urllib3/connectionpool.py , Line : 601, Func.Name : urlopen, Message : chunked=chunked)', 'File : /usr/lib/python3/dist-packages/urllib3/connectionpool.py , Line : 383, Func.Name : _make_request, Message : httplib_response = conn.getresponse()', 'File : /usr/lib/python3.6/http/client.py , Line : 1373, Func.Name : getresponse, Message : response.begin()', 'File : /usr/lib/python3.6/http/client.py , Line : 311, Func.Name : begin, Message : version, status, reason = self._read_status()', 'File : /usr/lib/python3.6/http/client.py , Line : 272, Func.Name : _read_status, Message : line = str(self.fp.readline(_MAXLINE + 1), "iso-8859-1")', 'File : /usr/lib/python3.6/socket.py , Line : 586, Func.Name : readinto, Message : return self._sock.recv_into(b)', 'File : /usr/lib/python3.6/ssl.py , Line : 1012, Func.Name : recv_into, Message : return self.read(nbytes, buffer)', 'File : /usr/lib/python3.6/ssl.py , Line : 874, Func.Name : read, Message : return self._sslobj.read(len, buffer)', 'File : /usr/lib/python3.6/ssl.py , Line : 631, Func.Name : read, Message : v = self._sslobj.read(len, buffer)']
2021-10-18 20:26:12,922 -- urllib3.connectionpool -- DEBUG -- Starting new HTTPS connection (1): sandbox-eu.triskellsoftware.com
2021-10-18 20:26:13,476 -- urllib3.connectionpool -- DEBUG -- https://sandbox-eu.triskellsoftware.com:443 "GET /triskell/service/rest/login/user/admin@caas_import5.fr/passwd/abe44d75d0a36d2b2ad5d8b30eba48afae7e41c848a84ea2b5f2ceea6be935ca HTTP/1.1" 200 0
2021-10-18 20:26:13,478 -- root -- INFO -- Retreiving report number 121
2021-10-18 20:26:13,481 -- urllib3.connectionpool -- DEBUG -- Starting new HTTPS connection (1): sandbox-eu.triskellsoftware.com
2021-10-18 20:26:19,692 -- urllib3.connectionpool -- DEBUG -- https://sandbox-eu.triskellsoftware.com:443 "GET //triskell/service/rest/proxy/operation/execute/ReportService/GetReportDataToPanel/eydpZCc6IDAsICdwYXJhbXMnOiB7J1JFUE9SVElEJzogJzEyMScsICd2YWx1ZXNCeVBhcmFtcyc6ICc0IzAjIzUjMTAwMCd9LCAnb2JqZWN0cyc6IE5vbmV9 HTTP/1.1" 200 None
2021-10-18 20:26:19,697 -- urllib3.connectionpool -- DEBUG -- Starting new HTTPS connection (1): sandbox-eu.triskellsoftware.com
2021-10-18 20:26:26,040 -- urllib3.connectionpool -- DEBUG -- https://sandbox-eu.triskellsoftware.com:443 "GET //triskell/service/rest/proxy/operation/execute/ReportService/GetReportDataToPanel/eydpZCc6IDAsICdwYXJhbXMnOiB7J1JFUE9SVElEJzogJzEyMScsICd2YWx1ZXNCeVBhcmFtcyc6ICc0IzAjIzUjMTAwMCd9LCAnb2JqZWN0cyc6IE5vbmV9 HTTP/1.1" 200 None
2021-10-18 20:26:26,043 -- root -- INFO -- Report's id ,121, is successfully retrieved
2021-10-18 20:26:26,619 -- urllib3.connectionpool -- DEBUG -- https://sandbox-eu.triskellsoftware.com:443 "POST /triskell/service/rest/timephased/update HTTP/1.1" 200 None
2021-10-18 20:26:26,914 -- urllib3.connectionpool -- DEBUG -- https://sandbox-eu.triskellsoftware.com:443 "POST /triskell/service/rest/timephased/update HTTP/1.1" 200 None
2021-10-18 20:26:27,329 -- urllib3.connectionpool -- DEBUG -- https://sandbox-eu.triskellsoftware.com:443 "POST /triskell/service/rest/timephased/update HTTP/1.1" 200 None
2021-10-18 20:26:28,026 -- urllib3.connectionpool -- DEBUG -- https://sandbox-eu.triskellsoftware.com:443 "POST /triskell/service/rest/timephased/update HTTP/1.1" 200 None
2021-10-18 20:26:28,302 -- urllib3.connectionpool -- DEBUG -- https://sandbox-eu.triskellsoftware.com:443 "POST /triskell/service/rest/timephased/update HTTP/1.1" 200 None
2021-10-18 20:26:28,582 -- urllib3.connectionpool -- DEBUG -- https://sandbox-eu.triskellsoftware.com:443 "POST /triskell/service/rest/timephased/update HTTP/1.1" 200 None
2021-10-18 20:26:28,928 -- urllib3.connectionpool -- DEBUG -- https://sandbox-eu.triskellsoftware.com:443 "POST /triskell/service/rest/timephased/update HTTP/1.1" 200 None
2021-10-18 20:26:29,204 -- urllib3.connectionpool -- DEBUG -- https://sandbox-eu.triskellsoftware.com:443 "POST /triskell/service/rest/timephased/update HTTP/1.1" 200 None
2021-10-18 20:26:29,492 -- urllib3.connectionpool -- DEBUG -- https://sandbox-eu.triskellsoftware.com:443 "POST /triskell/service/rest/timephased/update HTTP/1.1" 200 None
2021-10-18 20:26:29,776 -- urllib3.connectionpool -- DEBUG -- https://sandbox-eu.triskellsoftware.com:443 "POST /triskell/service/rest/timephased/update HTTP/1.1" 200 None
2021-10-18 20:31:11,561 -- urllib3.connectionpool -- DEBUG -- Starting new HTTPS connection (1): sandbox-eu.triskellsoftware.com
2021-10-18 20:31:12,270 -- urllib3.connectionpool -- DEBUG -- https://sandbox-eu.triskellsoftware.com:443 "GET /triskell/service/rest/login/user/admin@caas_import5.fr/passwd/abe44d75d0a36d2b2ad5d8b30eba48afae7e41c848a84ea2b5f2ceea6be935ca HTTP/1.1" 200 0
2021-10-18 20:31:12,273 -- root -- INFO -- Retreiving report number 121
2021-10-18 20:31:12,274 -- urllib3.connectionpool -- DEBUG -- Starting new HTTPS connection (1): sandbox-eu.triskellsoftware.com
2021-10-18 20:31:17,862 -- urllib3.connectionpool -- DEBUG -- https://sandbox-eu.triskellsoftware.com:443 "GET //triskell/service/rest/proxy/operation/execute/ReportService/GetReportDataToPanel/eydpZCc6IDAsICdwYXJhbXMnOiB7J1JFUE9SVElEJzogJzEyMScsICd2YWx1ZXNCeVBhcmFtcyc6ICc0IzAjIzUjMTAwMCd9LCAnb2JqZWN0cyc6IE5vbmV9 HTTP/1.1" 200 None
2021-10-18 20:31:17,866 -- urllib3.connectionpool -- DEBUG -- Starting new HTTPS connection (1): sandbox-eu.triskellsoftware.com
2021-10-18 20:31:23,015 -- urllib3.connectionpool -- DEBUG -- https://sandbox-eu.triskellsoftware.com:443 "GET //triskell/service/rest/proxy/operation/execute/ReportService/GetReportDataToPanel/eydpZCc6IDAsICdwYXJhbXMnOiB7J1JFUE9SVElEJzogJzEyMScsICd2YWx1ZXNCeVBhcmFtcyc6ICc0IzAjIzUjMTAwMCd9LCAnb2JqZWN0cyc6IE5vbmV9 HTTP/1.1" 200 None
2021-10-18 20:31:23,017 -- root -- INFO -- Report's id ,121, is successfully retrieved
2021-10-18 20:31:23,445 -- urllib3.connectionpool -- DEBUG -- https://sandbox-eu.triskellsoftware.com:443 "POST /triskell/service/rest/timephased/update HTTP/1.1" 200 None
2021-10-18 20:31:23,725 -- urllib3.connectionpool -- DEBUG -- https://sandbox-eu.triskellsoftware.com:443 "POST /triskell/service/rest/timephased/update HTTP/1.1" 200 None
2021-10-18 20:31:24,004 -- urllib3.connectionpool -- DEBUG -- https://sandbox-eu.triskellsoftware.com:443 "POST /triskell/service/rest/timephased/update HTTP/1.1" 200 None
2021-10-18 20:31:24,297 -- urllib3.connectionpool -- DEBUG -- https://sandbox-eu.triskellsoftware.com:443 "POST /triskell/service/rest/timephased/update HTTP/1.1" 200 None
2021-10-18 20:31:24,588 -- urllib3.connectionpool -- DEBUG -- https://sandbox-eu.triskellsoftware.com:443 "POST /triskell/service/rest/timephased/update HTTP/1.1" 200 None
2021-10-18 20:31:24,871 -- urllib3.connectionpool -- DEBUG -- https://sandbox-eu.triskellsoftware.com:443 "POST /triskell/service/rest/timephased/update HTTP/1.1" 200 None
2021-10-18 20:31:25,255 -- urllib3.connectionpool -- DEBUG -- https://sandbox-eu.triskellsoftware.com:443 "POST /triskell/service/rest/timephased/update HTTP/1.1" 200 None
2021-10-18 20:31:25,539 -- urllib3.connectionpool -- DEBUG -- https://sandbox-eu.triskellsoftware.com:443 "POST /triskell/service/rest/timephased/update HTTP/1.1" 200 None
2021-10-18 20:31:25,832 -- urllib3.connectionpool -- DEBUG -- https://sandbox-eu.triskellsoftware.com:443 "POST /triskell/service/rest/timephased/update HTTP/1.1" 200 None
2021-10-18 20:31:26,112 -- urllib3.connectionpool -- DEBUG -- https://sandbox-eu.triskellsoftware.com:443 "POST /triskell/service/rest/timephased/update HTTP/1.1" 200 None
2021-10-18 20:31:26,113 -- urllib3.connectionpool -- DEBUG -- Starting new HTTPS connection (1): sandbox-eu.triskellsoftware.com
2021-10-18 20:31:26,624 -- urllib3.connectionpool -- DEBUG -- https://sandbox-eu.triskellsoftware.com:443 "GET /triskell/service/rest/login/user/admin@caas_import5.fr/passwd/abe44d75d0a36d2b2ad5d8b30eba48afae7e41c848a84ea2b5f2ceea6be935ca HTTP/1.1" 200 0
2021-10-18 20:31:26,626 -- root -- INFO -- Retreiving report number 122
2021-10-18 20:31:26,629 -- urllib3.connectionpool -- DEBUG -- Starting new HTTPS connection (1): sandbox-eu.triskellsoftware.com
2021-10-18 20:31:29,910 -- urllib3.connectionpool -- DEBUG -- https://sandbox-eu.triskellsoftware.com:443 "GET //triskell/service/rest/proxy/operation/execute/ReportService/GetReportDataToPanel/eydpZCc6IDAsICdwYXJhbXMnOiB7J1JFUE9SVElEJzogJzEyMicsICd2YWx1ZXNCeVBhcmFtcyc6ICc0IzAjIzUjMTAwMCd9LCAnb2JqZWN0cyc6IE5vbmV9 HTTP/1.1" 200 None
2021-10-18 20:31:29,916 -- urllib3.connectionpool -- DEBUG -- Starting new HTTPS connection (1): sandbox-eu.triskellsoftware.com
2021-10-18 20:31:33,323 -- urllib3.connectionpool -- DEBUG -- https://sandbox-eu.triskellsoftware.com:443 "GET //triskell/service/rest/proxy/operation/execute/ReportService/GetReportDataToPanel/eydpZCc6IDAsICdwYXJhbXMnOiB7J1JFUE9SVElEJzogJzEyMicsICd2YWx1ZXNCeVBhcmFtcyc6ICc0IzAjIzUjMTAwMCd9LCAnb2JqZWN0cyc6IE5vbmV9 HTTP/1.1" 200 None
2021-10-18 20:31:33,325 -- root -- INFO -- Report's id ,122, is successfully retrieved
2021-10-18 20:31:33,568 -- urllib3.connectionpool -- DEBUG -- https://sandbox-eu.triskellsoftware.com:443 "POST /triskell/service/rest/timephased/update HTTP/1.1" 200 None
2021-10-18 20:31:33,861 -- urllib3.connectionpool -- DEBUG -- https://sandbox-eu.triskellsoftware.com:443 "POST /triskell/service/rest/timephased/update HTTP/1.1" 200 None
2021-10-18 20:31:34,242 -- urllib3.connectionpool -- DEBUG -- https://sandbox-eu.triskellsoftware.com:443 "POST /triskell/service/rest/timephased/update HTTP/1.1" 200 None
2021-10-18 20:31:34,997 -- urllib3.connectionpool -- DEBUG -- https://sandbox-eu.triskellsoftware.com:443 "POST /triskell/service/rest/timephased/update HTTP/1.1" 200 None
2021-10-18 20:31:35,315 -- urllib3.connectionpool -- DEBUG -- https://sandbox-eu.triskellsoftware.com:443 "POST /triskell/service/rest/timephased/update HTTP/1.1" 200 None
2021-10-18 20:31:35,633 -- urllib3.connectionpool -- DEBUG -- https://sandbox-eu.triskellsoftware.com:443 "POST /triskell/service/rest/timephased/update HTTP/1.1" 200 None
2021-10-18 20:31:35,944 -- urllib3.connectionpool -- DEBUG -- https://sandbox-eu.triskellsoftware.com:443 "POST /triskell/service/rest/timephased/update HTTP/1.1" 200 None
2021-10-18 20:31:36,265 -- urllib3.connectionpool -- DEBUG -- https://sandbox-eu.triskellsoftware.com:443 "POST /triskell/service/rest/timephased/update HTTP/1.1" 200 None
2021-10-18 20:31:36,625 -- urllib3.connectionpool -- DEBUG -- https://sandbox-eu.triskellsoftware.com:443 "POST /triskell/service/rest/timephased/update HTTP/1.1" 200 None
2021-10-18 20:31:36,921 -- urllib3.connectionpool -- DEBUG -- https://sandbox-eu.triskellsoftware.com:443 "POST /triskell/service/rest/timephased/update HTTP/1.1" 200 None
2021-10-18 20:39:14,677 -- root -- INFO -- Retreiving report number 118
2021-10-18 20:39:14,680 -- urllib3.connectionpool -- DEBUG -- Starting new HTTPS connection (1): sandbox-eu.triskellsoftware.com
2021-10-18 20:39:16,812 -- urllib3.connectionpool -- DEBUG -- https://sandbox-eu.triskellsoftware.com:443 "GET //triskell/service/rest/proxy/operation/execute/ReportService/GetReportDataToPanel/eydpZCc6IDAsICdwYXJhbXMnOiB7J1JFUE9SVElEJzogJzExOCcsICd2YWx1ZXNCeVBhcmFtcyc6ICc0IzAjIzUjMTAwMCd9LCAnb2JqZWN0cyc6IE5vbmV9 HTTP/1.1" 200 None
2021-10-18 20:39:16,819 -- urllib3.connectionpool -- DEBUG -- Starting new HTTPS connection (1): sandbox-eu.triskellsoftware.com
2021-10-18 20:39:19,007 -- urllib3.connectionpool -- DEBUG -- https://sandbox-eu.triskellsoftware.com:443 "GET //triskell/service/rest/proxy/operation/execute/ReportService/GetReportDataToPanel/eydpZCc6IDAsICdwYXJhbXMnOiB7J1JFUE9SVElEJzogJzExOCcsICd2YWx1ZXNCeVBhcmFtcyc6ICc0IzAjIzUjMTAwMCd9LCAnb2JqZWN0cyc6IE5vbmV9 HTTP/1.1" 200 None
2021-10-18 20:39:19,017 -- urllib3.connectionpool -- DEBUG -- Starting new HTTPS connection (1): sandbox-eu.triskellsoftware.com
2021-10-18 20:39:21,841 -- urllib3.connectionpool -- DEBUG -- https://sandbox-eu.triskellsoftware.com:443 "GET //triskell/service/rest/proxy/operation/execute/ReportService/GetReportDataToPanel/eydpZCc6IDAsICdwYXJhbXMnOiB7J1JFUE9SVElEJzogJzExOCcsICd2YWx1ZXNCeVBhcmFtcyc6ICc0IzEwMDAjIzUjMTAwMCd9LCAnb2JqZWN0cyc6IE5vbmV9 HTTP/1.1" 200 None
2021-10-18 20:39:21,844 -- root -- INFO -- Report's id ,118, is successfully retrieved
2021-10-18 20:39:21,845 -- urllib3.connectionpool -- DEBUG -- Starting new HTTPS connection (1): sandbox-eu.triskellsoftware.com
2021-10-18 20:39:23,671 -- urllib3.connectionpool -- DEBUG -- https://sandbox-eu.triskellsoftware.com:443 "GET /triskell/service/rest/login/user/admin@caas_import5.fr/passwd/abe44d75d0a36d2b2ad5d8b30eba48afae7e41c848a84ea2b5f2ceea6be935ca HTTP/1.1" 200 0
2021-10-19 11:33:26,813 -- root -- INFO -- Retreiving report number 118
2021-10-19 11:33:26,859 -- urllib3.connectionpool -- DEBUG -- Starting new HTTPS connection (1): sandbox-eu.triskellsoftware.com
2021-10-19 11:33:28,591 -- urllib3.connectionpool -- DEBUG -- https://sandbox-eu.triskellsoftware.com:443 "GET //triskell/service/rest/proxy/operation/execute/ReportService/GetReportDataToPanel/eydpZCc6IDAsICdwYXJhbXMnOiB7J1JFUE9SVElEJzogJzExOCcsICd2YWx1ZXNCeVBhcmFtcyc6ICc0IzAjIzUjMTAwMCd9LCAnb2JqZWN0cyc6IE5vbmV9 HTTP/1.1" 200 None
2021-10-19 11:33:28,603 -- urllib3.connectionpool -- DEBUG -- Starting new HTTPS connection (1): sandbox-eu.triskellsoftware.com
2021-10-19 11:33:30,153 -- urllib3.connectionpool -- DEBUG -- https://sandbox-eu.triskellsoftware.com:443 "GET //triskell/service/rest/proxy/operation/execute/ReportService/GetReportDataToPanel/eydpZCc6IDAsICdwYXJhbXMnOiB7J1JFUE9SVElEJzogJzExOCcsICd2YWx1ZXNCeVBhcmFtcyc6ICc0IzAjIzUjMTAwMCd9LCAnb2JqZWN0cyc6IE5vbmV9 HTTP/1.1" 200 None
2021-10-19 11:33:30,167 -- urllib3.connectionpool -- DEBUG -- Starting new HTTPS connection (1): sandbox-eu.triskellsoftware.com
2021-10-19 11:33:31,675 -- urllib3.connectionpool -- DEBUG -- https://sandbox-eu.triskellsoftware.com:443 "GET //triskell/service/rest/proxy/operation/execute/ReportService/GetReportDataToPanel/eydpZCc6IDAsICdwYXJhbXMnOiB7J1JFUE9SVElEJzogJzExOCcsICd2YWx1ZXNCeVBhcmFtcyc6ICc0IzEwMDAjIzUjMTAwMCd9LCAnb2JqZWN0cyc6IE5vbmV9 HTTP/1.1" 200 None
2021-10-19 11:33:31,681 -- root -- INFO -- Report's id ,118, is successfully retrieved
2021-10-19 11:33:31,684 -- urllib3.connectionpool -- DEBUG -- Starting new HTTPS connection (1): sandbox-eu.triskellsoftware.com
2021-10-19 11:33:32,133 -- urllib3.connectionpool -- DEBUG -- https://sandbox-eu.triskellsoftware.com:443 "GET /triskell/service/rest/login/user/admin@caas_import5.fr/passwd/abe44d75d0a36d2b2ad5d8b30eba48afae7e41c848a84ea2b5f2ceea6be935ca HTTP/1.1" 200 0
2021-10-19 11:35:28,483 -- urllib3.connectionpool -- DEBUG -- Starting new HTTPS connection (1): sandbox-eu.triskellsoftware.com
2021-10-19 11:35:29,004 -- urllib3.connectionpool -- DEBUG -- https://sandbox-eu.triskellsoftware.com:443 "GET /triskell/service/rest/login/user/admin@caas_import5.fr/passwd/abe44d75d0a36d2b2ad5d8b30eba48afae7e41c848a84ea2b5f2ceea6be935ca HTTP/1.1" 200 0
2021-10-19 11:35:29,007 -- root -- INFO -- Retreiving report number 120
2021-10-19 11:35:29,012 -- urllib3.connectionpool -- DEBUG -- Starting new HTTPS connection (1): sandbox-eu.triskellsoftware.com
2021-10-19 11:35:30,133 -- urllib3.connectionpool -- DEBUG -- https://sandbox-eu.triskellsoftware.com:443 "GET //triskell/service/rest/proxy/operation/execute/ReportService/GetReportDataToPanel/eydpZCc6IDAsICdwYXJhbXMnOiB7J1JFUE9SVElEJzogJzEyMCcsICd2YWx1ZXNCeVBhcmFtcyc6ICc0IzAjIzUjMTAwMCd9LCAnb2JqZWN0cyc6IE5vbmV9 HTTP/1.1" 200 None
2021-10-19 11:35:30,140 -- urllib3.connectionpool -- DEBUG -- Starting new HTTPS connection (1): sandbox-eu.triskellsoftware.com
2021-10-19 11:35:31,182 -- urllib3.connectionpool -- DEBUG -- https://sandbox-eu.triskellsoftware.com:443 "GET //triskell/service/rest/proxy/operation/execute/ReportService/GetReportDataToPanel/eydpZCc6IDAsICdwYXJhbXMnOiB7J1JFUE9SVElEJzogJzEyMCcsICd2YWx1ZXNCeVBhcmFtcyc6ICc0IzAjIzUjMTAwMCd9LCAnb2JqZWN0cyc6IE5vbmV9 HTTP/1.1" 200 None
2021-10-19 11:35:31,187 -- root -- INFO -- Report's id ,120, is successfully retrieved
